# JRE version: OpenJDK Runtime Environment (8.0_121-b13) (build 1.8.0_121-b13)
# Java VM: OpenJDK 64-Bit Server VM (25.121-b13 mixed mode linux-amd64 compressed oops)
Heap:
 PSYoungGen      total 371712K, used 147456K [0x00000000d7380000, 0x00000000ff680000, 0x0000000100000000)
  eden space 148992K, 0% used [0x00000000d7380000,0x00000000d7380000,0x00000000e0500000)
  from space 222720K, 66% used [0x00000000e0500000,0x00000000e9500138,0x00000000ede80000)
  to   space 222720K, 0% used [0x00000000f1d00000,0x00000000f1d00000,0x00000000ff680000)
 ParOldGen       total 947712K, used 947243K [0x0000000085a00000, 0x00000000bf780000, 0x00000000d7380000)
  object space 947712K, 99% used [0x0000000085a00000,0x00000000bf70af68,0x00000000bf780000)
 Metaspace       used 3628K, capacity 4490K, committed 4864K, reserved 1056768K
  class space    used 372K, capacity 386K, committed 512K, reserved 1048576K
GC Heap History (10 events):
Event: 24.517 GC heap after
Heap after GC invocations=13 (full 3):
 PSYoungGen      total 336896K, used 222720K [0x00000000d7380000, 0x00000000f9900000, 0x0000000100000000)
  eden space 114176K, 0% used [0x00000000d7380000,0x00000000d7380000,0x00000000de300000)
  from space 222720K, 100% used [0x00000000ebc80000,0x00000000f9600000,0x00000000f9600000)
  to   space 222720K, 0% used [0x00000000de300000,0x00000000de300000,0x00000000ebc80000)
 ParOldGen       total 520704K, used 495860K [0x0000000085a00000, 0x00000000a5680000, 0x00000000d7380000)
  object space 520704K, 95% used [0x0000000085a00000,0x00000000a3e3d3c8,0x00000000a5680000)
 Metaspace       used 3628K, capacity 4490K, committed 4864K, reserved 1056768K
  class space    used 372K, capacity 386K, committed 512K, reserved 1048576K
}
Event: 24.517 GC heap before
{Heap before GC invocations=14 (full 4):
 PSYoungGen      total 336896K, used 222720K [0x00000000d7380000, 0x00000000f9900000, 0x0000000100000000)
  eden space 114176K, 0% used [0x00000000d7380000,0x00000000d7380000,0x00000000de300000)
  from space 222720K, 100% used [0x00000000ebc80000,0x00000000f9600000,0x00000000f9600000)
  to   space 222720K, 0% used [0x00000000de300000,0x00000000de300000,0x00000000ebc80000)
 ParOldGen       total 520704K, used 495860K [0x0000000085a00000, 0x00000000a5680000, 0x00000000d7380000)
  object space 520704K, 95% used [0x0000000085a00000,0x00000000a3e3d3c8,0x00000000a5680000)
 Metaspace       used 3628K, capacity 4490K, committed 4864K, reserved 1056768K
  class space    used 372K, capacity 386K, committed 512K, reserved 1048576K
Event: 41.091 GC heap after
Heap after GC invocations=14 (full 4):
 PSYoungGen      total 336896K, used 196927K [0x00000000d7380000, 0x00000000f9900000, 0x0000000100000000)
  eden space 114176K, 0% used [0x00000000d7380000,0x00000000d7380000,0x00000000de300000)
  from space 222720K, 88% used [0x00000000ebc80000,0x00000000f7ccfe00,0x00000000f9600000)
  to   space 222720K, 0% used [0x00000000de300000,0x00000000de300000,0x00000000ebc80000)
 ParOldGen       total 855040K, used 520432K [0x0000000085a00000, 0x00000000b9d00000, 0x00000000d7380000)
  object space 855040K, 60% used [0x0000000085a00000,0x00000000a563c0f0,0x00000000b9d00000)
 Metaspace       used 3628K, capacity 4490K, committed 4864K, reserved 1056768K
  class space    used 372K, capacity 386K, committed 512K, reserved 1048576K
}
Event: 41.279 GC heap before
{Heap before GC invocations=15 (full 4):
 PSYoungGen      total 336896K, used 311103K [0x00000000d7380000, 0x00000000f9900000, 0x0000000100000000)
  eden space 114176K, 100% used [0x00000000d7380000,0x00000000de300000,0x00000000de300000)
  from space 222720K, 88% used [0x00000000ebc80000,0x00000000f7ccfe00,0x00000000f9600000)
  to   space 222720K, 0% used [0x00000000de300000,0x00000000de300000,0x00000000ebc80000)
 ParOldGen       total 855040K, used 520432K [0x0000000085a00000, 0x00000000b9d00000, 0x00000000d7380000)
  object space 855040K, 60% used [0x0000000085a00000,0x00000000a563c0f0,0x00000000b9d00000)
 Metaspace       used 3628K, capacity 4490K, committed 4864K, reserved 1056768K
  class space    used 372K, capacity 386K, committed 512K, reserved 1048576K
Event: 48.138 GC heap after
Heap after GC invocations=15 (full 4):
 PSYoungGen      total 336896K, used 222720K [0x00000000d7380000, 0x00000000fb800000, 0x0000000100000000)
  eden space 114176K, 0% used [0x00000000d7380000,0x00000000d7380000,0x00000000de300000)
  from space 222720K, 100% used [0x00000000de300000,0x00000000ebc80000,0x00000000ebc80000)
  to   space 222720K, 0% used [0x00000000ede80000,0x00000000ede80000,0x00000000fb800000)
 ParOldGen       total 855040K, used 609440K [0x0000000085a00000, 0x00000000b9d00000, 0x00000000d7380000)
  object space 855040K, 71% used [0x0000000085a00000,0x00000000aad280f0,0x00000000b9d00000)
 Metaspace       used 3628K, capacity 4490K, committed 4864K, reserved 1056768K
  class space    used 372K, capacity 386K, committed 512K, reserved 1048576K
}
Event: 48.293 GC heap before
{Heap before GC invocations=16 (full 4):
 PSYoungGen      total 336896K, used 336896K [0x00000000d7380000, 0x00000000fb800000, 0x0000000100000000)
  eden space 114176K, 100% used [0x00000000d7380000,0x00000000de300000,0x00000000de300000)
  from space 222720K, 100% used [0x00000000de300000,0x00000000ebc80000,0x00000000ebc80000)
  to   space 222720K, 0% used [0x00000000ede80000,0x00000000ede80000,0x00000000fb800000)
 ParOldGen       total 855040K, used 609440K [0x0000000085a00000, 0x00000000b9d00000, 0x00000000d7380000)
  object space 855040K, 71% used [0x0000000085a00000,0x00000000aad280f0,0x00000000b9d00000)
 Metaspace       used 3628K, capacity 4490K, committed 4864K, reserved 1056768K
  class space    used 372K, capacity 386K, committed 512K, reserved 1048576K
Event: 54.726 GC heap after
Heap after GC invocations=16 (full 4):
 PSYoungGen      total 371712K, used 222720K [0x00000000d7380000, 0x00000000fc000000, 0x0000000100000000)
  eden space 148992K, 0% used [0x00000000d7380000,0x00000000d7380000,0x00000000e0500000)
  from space 222720K, 100% used [0x00000000ede80000,0x00000000fb800000,0x00000000fb800000)
  to   space 222720K, 0% used [0x00000000e0500000,0x00000000e0500000,0x00000000ede80000)
 ParOldGen       total 855040K, used 724080K [0x0000000085a00000, 0x00000000b9d00000, 0x00000000d7380000)
  object space 855040K, 84% used [0x0000000085a00000,0x00000000b1d1c0f0,0x00000000b9d00000)
 Metaspace       used 3628K, capacity 4490K, committed 4864K, reserved 1056768K
  class space    used 372K, capacity 386K, committed 512K, reserved 1048576K
}
Event: 55.039 GC heap before
{Heap before GC invocations=17 (full 4):
 PSYoungGen      total 371712K, used 371712K [0x00000000d7380000, 0x00000000fc000000, 0x0000000100000000)
  eden space 148992K, 100% used [0x00000000d7380000,0x00000000e0500000,0x00000000e0500000)
  from space 222720K, 100% used [0x00000000ede80000,0x00000000fb800000,0x00000000fb800000)
  to   space 222720K, 0% used [0x00000000e0500000,0x00000000e0500000,0x00000000ede80000)
 ParOldGen       total 855040K, used 724080K [0x0000000085a00000, 0x00000000b9d00000, 0x00000000d7380000)
  object space 855040K, 84% used [0x0000000085a00000,0x00000000b1d1c0f0,0x00000000b9d00000)
 Metaspace       used 3628K, capacity 4490K, committed 4864K, reserved 1056768K
  class space    used 372K, capacity 386K, committed 512K, reserved 1048576K
Event: 79.727 GC heap after
Heap after GC invocations=17 (full 4):
 PSYoungGen      total 371712K, used 149248K [0x00000000d7380000, 0x00000000ff680000, 0x0000000100000000)
  eden space 148992K, 0% used [0x00000000d7380000,0x00000000d7380000,0x00000000e0500000)
  from space 222720K, 67% used [0x00000000e0500000,0x00000000e96c0000,0x00000000ede80000)
  to   space 222720K, 0% used [0x00000000f1d00000,0x00000000f1d00000,0x00000000ff680000)
 ParOldGen       total 947712K, used 947464K [0x0000000085a00000, 0x00000000bf780000, 0x00000000d7380000)
  object space 947712K, 99% used [0x0000000085a00000,0x00000000bf7420f0,0x00000000bf780000)
 Metaspace       used 3628K, capacity 4490K, committed 4864K, reserved 1056768K
  class space    used 372K, capacity 386K, committed 512K, reserved 1048576K
}
Event: 79.727 GC heap before
{Heap before GC invocations=18 (full 5):
 PSYoungGen      total 371712K, used 149248K [0x00000000d7380000, 0x00000000ff680000, 0x0000000100000000)
  eden space 148992K, 0% used [0x00000000d7380000,0x00000000d7380000,0x00000000e0500000)
  from space 222720K, 67% used [0x00000000e0500000,0x00000000e96c0000,0x00000000ede80000)
  to   space 222720K, 0% used [0x00000000f1d00000,0x00000000f1d00000,0x00000000ff680000)
 ParOldGen       total 947712K, used 947464K [0x0000000085a00000, 0x00000000bf780000, 0x00000000d7380000)
  object space 947712K, 99% used [0x0000000085a00000,0x00000000bf7420f0,0x00000000bf780000)
 Metaspace       used 3628K, capacity 4490K, committed 4864K, reserved 1056768K
  class space    used 372K, capacity 386K, committed 512K, reserved 1048576K

