# JRE version: OpenJDK Runtime Environment (8.0_121-b13) (build 1.8.0_121-b13)
# Java VM: OpenJDK 64-Bit Server VM (25.121-b13 mixed mode linux-amd64 compressed oops)
Heap:
 PSYoungGen      total 359936K, used 213295K [0x00000000d7380000, 0x00000000fb080000, 0x0000000100000000)
  eden space 137216K, 0% used [0x00000000d7380000,0x00000000d7380000,0x00000000df980000)
  from space 222720K, 95% used [0x00000000ed300000,0x00000000fa34be00,0x00000000fac80000)
  to   space 222720K, 0% used [0x00000000df980000,0x00000000df980000,0x00000000ed300000)
 ParOldGen       total 531968K, used 531710K [0x0000000085a00000, 0x00000000a6180000, 0x00000000d7380000)
  object space 531968K, 99% used [0x0000000085a00000,0x00000000a613f8e0,0x00000000a6180000)
 Metaspace       used 3625K, capacity 4490K, committed 4864K, reserved 1056768K
  class space    used 372K, capacity 386K, committed 512K, reserved 1048576K
GC Heap History (10 events):
Event: 26.348 GC heap after
Heap after GC invocations=9 (full 3):
 PSYoungGen      total 195072K, used 84704K [0x00000000d7380000, 0x00000000eae00000, 0x0000000100000000)
  eden space 98304K, 0% used [0x00000000d7380000,0x00000000d7380000,0x00000000dd380000)
  from space 96768K, 87% used [0x00000000e3b80000,0x00000000e8e38000,0x00000000e9a00000)
  to   space 106496K, 0% used [0x00000000dd380000,0x00000000dd380000,0x00000000e3b80000)
 ParOldGen       total 531968K, used 269364K [0x0000000085a00000, 0x00000000a6180000, 0x00000000d7380000)
  object space 531968K, 50% used [0x0000000085a00000,0x000000009610d1f0,0x00000000a6180000)
 Metaspace       used 3625K, capacity 4490K, committed 4864K, reserved 1056768K
  class space    used 372K, capacity 386K, committed 512K, reserved 1048576K
}
Event: 26.939 GC heap before
{Heap before GC invocations=10 (full 3):
 PSYoungGen      total 195072K, used 183008K [0x00000000d7380000, 0x00000000eae00000, 0x0000000100000000)
  eden space 98304K, 100% used [0x00000000d7380000,0x00000000dd380000,0x00000000dd380000)
  from space 96768K, 87% used [0x00000000e3b80000,0x00000000e8e38000,0x00000000e9a00000)
  to   space 106496K, 0% used [0x00000000dd380000,0x00000000dd380000,0x00000000e3b80000)
 ParOldGen       total 531968K, used 269364K [0x0000000085a00000, 0x00000000a6180000, 0x00000000d7380000)
  object space 531968K, 50% used [0x0000000085a00000,0x000000009610d1f0,0x00000000a6180000)
 Metaspace       used 3625K, capacity 4490K, committed 4864K, reserved 1056768K
  class space    used 372K, capacity 386K, committed 512K, reserved 1048576K
Event: 35.017 GC heap after
Heap after GC invocations=10 (full 3):
 PSYoungGen      total 204800K, used 106496K [0x00000000d7380000, 0x00000000f3a00000, 0x0000000100000000)
  eden space 98304K, 0% used [0x00000000d7380000,0x00000000d7380000,0x00000000dd380000)
  from space 106496K, 100% used [0x00000000dd380000,0x00000000e3b80000,0x00000000e3b80000)
  to   space 161280K, 0% used [0x00000000e9c80000,0x00000000e9c80000,0x00000000f3a00000)
 ParOldGen       total 531968K, used 346092K [0x0000000085a00000, 0x00000000a6180000, 0x00000000d7380000)
  object space 531968K, 65% used [0x0000000085a00000,0x000000009abfb1f0,0x00000000a6180000)
 Metaspace       used 3625K, capacity 4490K, committed 4864K, reserved 1056768K
  class space    used 372K, capacity 386K, committed 512K, reserved 1048576K
}
Event: 35.148 GC heap before
{Heap before GC invocations=11 (full 3):
 PSYoungGen      total 204800K, used 204800K [0x00000000d7380000, 0x00000000f3a00000, 0x0000000100000000)
  eden space 98304K, 100% used [0x00000000d7380000,0x00000000dd380000,0x00000000dd380000)
  from space 106496K, 100% used [0x00000000dd380000,0x00000000e3b80000,0x00000000e3b80000)
  to   space 161280K, 0% used [0x00000000e9c80000,0x00000000e9c80000,0x00000000f3a00000)
 ParOldGen       total 531968K, used 346092K [0x0000000085a00000, 0x00000000a6180000, 0x00000000d7380000)
  object space 531968K, 65% used [0x0000000085a00000,0x000000009abfb1f0,0x00000000a6180000)
 Metaspace       used 3625K, capacity 4490K, committed 4864K, reserved 1056768K
  class space    used 372K, capacity 386K, committed 512K, reserved 1048576K
Event: 54.821 GC heap after
Heap after GC invocations=11 (full 3):
 PSYoungGen      total 258560K, used 161280K [0x00000000d7380000, 0x00000000fa000000, 0x0000000100000000)
  eden space 97280K, 0% used [0x00000000d7380000,0x00000000d7380000,0x00000000dd280000)
  from space 161280K, 100% used [0x00000000e9c80000,0x00000000f3a00000,0x00000000f3a00000)
  to   space 206848K, 0% used [0x00000000dd280000,0x00000000dd280000,0x00000000e9c80000)
 ParOldGen       total 531968K, used 389868K [0x0000000085a00000, 0x00000000a6180000, 0x00000000d7380000)
  object space 531968K, 73% used [0x0000000085a00000,0x000000009d6bb1f0,0x00000000a6180000)
 Metaspace       used 3625K, capacity 4490K, committed 4864K, reserved 1056768K
  class space    used 372K, capacity 386K, committed 512K, reserved 1048576K
}
Event: 55.021 GC heap before
{Heap before GC invocations=12 (full 3):
 PSYoungGen      total 258560K, used 258560K [0x00000000d7380000, 0x00000000fa000000, 0x0000000100000000)
  eden space 97280K, 100% used [0x00000000d7380000,0x00000000dd280000,0x00000000dd280000)
  from space 161280K, 100% used [0x00000000e9c80000,0x00000000f3a00000,0x00000000f3a00000)
  to   space 206848K, 0% used [0x00000000dd280000,0x00000000dd280000,0x00000000e9c80000)
 ParOldGen       total 531968K, used 389868K [0x0000000085a00000, 0x00000000a6180000, 0x00000000d7380000)
  object space 531968K, 73% used [0x0000000085a00000,0x000000009d6bb1f0,0x00000000a6180000)
 Metaspace       used 3625K, capacity 4490K, committed 4864K, reserved 1056768K
  class space    used 372K, capacity 386K, committed 512K, reserved 1048576K
Event: 59.145 GC heap after
Heap after GC invocations=12 (full 3):
 PSYoungGen      total 304128K, used 206848K [0x00000000d7380000, 0x00000000fac80000, 0x0000000100000000)
  eden space 97280K, 0% used [0x00000000d7380000,0x00000000d7380000,0x00000000dd280000)
  from space 206848K, 100% used [0x00000000dd280000,0x00000000e9c80000,0x00000000e9c80000)
  to   space 222720K, 0% used [0x00000000ed300000,0x00000000ed300000,0x00000000fac80000)
 ParOldGen       total 531968K, used 441860K [0x0000000085a00000, 0x00000000a6180000, 0x00000000d7380000)
  object space 531968K, 83% used [0x0000000085a00000,0x00000000a09811f0,0x00000000a6180000)
 Metaspace       used 3625K, capacity 4490K, committed 4864K, reserved 1056768K
  class space    used 372K, capacity 386K, committed 512K, reserved 1048576K
}
Event: 59.324 GC heap before
{Heap before GC invocations=13 (full 3):
 PSYoungGen      total 304128K, used 304128K [0x00000000d7380000, 0x00000000fac80000, 0x0000000100000000)
  eden space 97280K, 100% used [0x00000000d7380000,0x00000000dd280000,0x00000000dd280000)
  from space 206848K, 100% used [0x00000000dd280000,0x00000000e9c80000,0x00000000e9c80000)
  to   space 222720K, 0% used [0x00000000ed300000,0x00000000ed300000,0x00000000fac80000)
 ParOldGen       total 531968K, used 441860K [0x0000000085a00000, 0x00000000a6180000, 0x00000000d7380000)
  object space 531968K, 83% used [0x0000000085a00000,0x00000000a09811f0,0x00000000a6180000)
 Metaspace       used 3625K, capacity 4490K, committed 4864K, reserved 1056768K
  class space    used 372K, capacity 386K, committed 512K, reserved 1048576K
Event: 71.173 GC heap after
Heap after GC invocations=13 (full 3):
 PSYoungGen      total 359936K, used 222720K [0x00000000d7380000, 0x00000000fb080000, 0x0000000100000000)
  eden space 137216K, 0% used [0x00000000d7380000,0x00000000d7380000,0x00000000df980000)
  from space 222720K, 100% used [0x00000000ed300000,0x00000000fac80000,0x00000000fac80000)
  to   space 222720K, 0% used [0x00000000df980000,0x00000000df980000,0x00000000ed300000)
 ParOldGen       total 531968K, used 523636K [0x0000000085a00000, 0x00000000a6180000, 0x00000000d7380000)
  object space 531968K, 98% used [0x0000000085a00000,0x00000000a595d1f0,0x00000000a6180000)
 Metaspace       used 3625K, capacity 4490K, committed 4864K, reserved 1056768K
  class space    used 372K, capacity 386K, committed 512K, reserved 1048576K
}
Event: 71.173 GC heap before
{Heap before GC invocations=14 (full 4):
 PSYoungGen      total 359936K, used 222720K [0x00000000d7380000, 0x00000000fb080000, 0x0000000100000000)
  eden space 137216K, 0% used [0x00000000d7380000,0x00000000d7380000,0x00000000df980000)
  from space 222720K, 100% used [0x00000000ed300000,0x00000000fac80000,0x00000000fac80000)
  to   space 222720K, 0% used [0x00000000df980000,0x00000000df980000,0x00000000ed300000)
 ParOldGen       total 531968K, used 523636K [0x0000000085a00000, 0x00000000a6180000, 0x00000000d7380000)
  object space 531968K, 98% used [0x0000000085a00000,0x00000000a595d1f0,0x00000000a6180000)
 Metaspace       used 3625K, capacity 4490K, committed 4864K, reserved 1056768K
  class space    used 372K, capacity 386K, committed 512K, reserved 1048576K

