# JRE version: OpenJDK Runtime Environment (8.0_121-b13) (build 1.8.0_121-b13)
# Java VM: OpenJDK 64-Bit Server VM (25.121-b13 mixed mode linux-amd64 compressed oops)
Heap:
 PSYoungGen      total 39424K, used 0K [0x00000000d7380000, 0x00000000db700000, 0x0000000100000000)
  eden space 38912K, 0% used [0x00000000d7380000,0x00000000d7380000,0x00000000d9980000)
  from space 512K, 0% used [0x00000000db680000,0x00000000db680000,0x00000000db700000)
  to   space 5120K, 0% used [0x00000000dad00000,0x00000000dad00000,0x00000000db200000)
 ParOldGen       total 836608K, used 656411K [0x0000000085a00000, 0x00000000b8b00000, 0x00000000d7380000)
  object space 836608K, 78% used [0x0000000085a00000,0x00000000adb06d58,0x00000000b8b00000)
 Metaspace       used 5917K, capacity 6016K, committed 6272K, reserved 1056768K
  class space    used 593K, capacity 624K, committed 640K, reserved 1048576K
GC Heap History (8 events):
Event: 4.574 GC heap before
{Heap before GC invocations=1 (full 0):
 PSYoungGen      total 36864K, used 25884K [0x00000000d7380000, 0x00000000d9c80000, 0x0000000100000000)
  eden space 31744K, 81% used [0x00000000d7380000,0x00000000d8cc7038,0x00000000d9280000)
  from space 5120K, 0% used [0x00000000d9780000,0x00000000d9780000,0x00000000d9c80000)
  to   space 5120K, 0% used [0x00000000d9280000,0x00000000d9280000,0x00000000d9780000)
 ParOldGen       total 1336832K, used 1290240K [0x0000000085a00000, 0x00000000d7380000, 0x00000000d7380000)
  object space 1336832K, 96% used [0x0000000085a00000,0x00000000d4600060,0x00000000d7380000)
 Metaspace       used 5917K, capacity 6016K, committed 6272K, reserved 1056768K
  class space    used 593K, capacity 624K, committed 640K, reserved 1048576K
Event: 7.855 GC heap after
Heap after GC invocations=1 (full 0):
 PSYoungGen      total 36864K, used 1152K [0x00000000d7380000, 0x00000000dbb80000, 0x0000000100000000)
  eden space 31744K, 0% used [0x00000000d7380000,0x00000000d7380000,0x00000000d9280000)
  from space 5120K, 22% used [0x00000000d9280000,0x00000000d93a0020,0x00000000d9780000)
  to   space 5120K, 0% used [0x00000000db680000,0x00000000db680000,0x00000000dbb80000)
 ParOldGen       total 1336832K, used 1290240K [0x0000000085a00000, 0x00000000d7380000, 0x00000000d7380000)
  object space 1336832K, 96% used [0x0000000085a00000,0x00000000d4600060,0x00000000d7380000)
 Metaspace       used 5917K, capacity 6016K, committed 6272K, reserved 1056768K
  class space    used 593K, capacity 624K, committed 640K, reserved 1048576K
}
Event: 7.855 GC heap before
{Heap before GC invocations=2 (full 1):
 PSYoungGen      total 36864K, used 1152K [0x00000000d7380000, 0x00000000dbb80000, 0x0000000100000000)
  eden space 31744K, 0% used [0x00000000d7380000,0x00000000d7380000,0x00000000d9280000)
  from space 5120K, 22% used [0x00000000d9280000,0x00000000d93a0020,0x00000000d9780000)
  to   space 5120K, 0% used [0x00000000db680000,0x00000000db680000,0x00000000dbb80000)
 ParOldGen       total 1336832K, used 1290240K [0x0000000085a00000, 0x00000000d7380000, 0x00000000d7380000)
  object space 1336832K, 96% used [0x0000000085a00000,0x00000000d4600060,0x00000000d7380000)
 Metaspace       used 5917K, capacity 6016K, committed 6272K, reserved 1056768K
  class space    used 593K, capacity 624K, committed 640K, reserved 1048576K
Event: 34.665 GC heap after
Heap after GC invocations=2 (full 1):
 PSYoungGen      total 36864K, used 0K [0x00000000d7380000, 0x00000000dbb80000, 0x0000000100000000)
  eden space 31744K, 0% used [0x00000000d7380000,0x00000000d7380000,0x00000000d9280000)
  from space 5120K, 0% used [0x00000000d9280000,0x00000000d9280000,0x00000000d9780000)
  to   space 5120K, 0% used [0x00000000db680000,0x00000000db680000,0x00000000dbb80000)
 ParOldGen       total 786944K, used 656468K [0x0000000085a00000, 0x00000000b5a80000, 0x00000000d7380000)
  object space 786944K, 83% used [0x0000000085a00000,0x00000000adb15378,0x00000000b5a80000)
 Metaspace       used 5917K, capacity 6016K, committed 6272K, reserved 1056768K
  class space    used 593K, capacity 624K, committed 640K, reserved 1048576K
}
Event: 34.666 GC heap before
{Heap before GC invocations=3 (full 1):
 PSYoungGen      total 36864K, used 0K [0x00000000d7380000, 0x00000000dbb80000, 0x0000000100000000)
  eden space 31744K, 0% used [0x00000000d7380000,0x00000000d7380000,0x00000000d9280000)
  from space 5120K, 0% used [0x00000000d9280000,0x00000000d9280000,0x00000000d9780000)
  to   space 5120K, 0% used [0x00000000db680000,0x00000000db680000,0x00000000dbb80000)
 ParOldGen       total 1336832K, used 656468K [0x0000000085a00000, 0x00000000d7380000, 0x00000000d7380000)
  object space 1336832K, 49% used [0x0000000085a00000,0x00000000adb15378,0x00000000d7380000)
 Metaspace       used 5917K, capacity 6016K, committed 6272K, reserved 1056768K
  class space    used 593K, capacity 624K, committed 640K, reserved 1048576K
Event: 35.002 GC heap after
Heap after GC invocations=3 (full 1):
 PSYoungGen      total 39424K, used 0K [0x00000000d7380000, 0x00000000db700000, 0x0000000100000000)
  eden space 38912K, 0% used [0x00000000d7380000,0x00000000d7380000,0x00000000d9980000)
  from space 512K, 0% used [0x00000000db680000,0x00000000db680000,0x00000000db700000)
  to   space 5120K, 0% used [0x00000000dad00000,0x00000000dad00000,0x00000000db200000)
 ParOldGen       total 1336832K, used 656468K [0x0000000085a00000, 0x00000000d7380000, 0x00000000d7380000)
  object space 1336832K, 49% used [0x0000000085a00000,0x00000000adb15378,0x00000000d7380000)
 Metaspace       used 5917K, capacity 6016K, committed 6272K, reserved 1056768K
  class space    used 593K, capacity 624K, committed 640K, reserved 1048576K
}
Event: 35.002 GC heap before
{Heap before GC invocations=4 (full 2):
 PSYoungGen      total 39424K, used 0K [0x00000000d7380000, 0x00000000db700000, 0x0000000100000000)
  eden space 38912K, 0% used [0x00000000d7380000,0x00000000d7380000,0x00000000d9980000)
  from space 512K, 0% used [0x00000000db680000,0x00000000db680000,0x00000000db700000)
  to   space 5120K, 0% used [0x00000000dad00000,0x00000000dad00000,0x00000000db200000)
 ParOldGen       total 1336832K, used 656468K [0x0000000085a00000, 0x00000000d7380000, 0x00000000d7380000)
  object space 1336832K, 49% used [0x0000000085a00000,0x00000000adb15378,0x00000000d7380000)
 Metaspace       used 5917K, capacity 6016K, committed 6272K, reserved 1056768K
  class space    used 593K, capacity 624K, committed 640K, reserved 1048576K
Event: 90.289 GC heap after
Heap after GC invocations=4 (full 2):
 PSYoungGen      total 39424K, used 0K [0x00000000d7380000, 0x00000000db700000, 0x0000000100000000)
  eden space 38912K, 0% used [0x00000000d7380000,0x00000000d7380000,0x00000000d9980000)
  from space 512K, 0% used [0x00000000db680000,0x00000000db680000,0x00000000db700000)
  to   space 5120K, 0% used [0x00000000dad00000,0x00000000dad00000,0x00000000db200000)
 ParOldGen       total 836608K, used 656411K [0x0000000085a00000, 0x00000000b8b00000, 0x00000000d7380000)
  object space 836608K, 78% used [0x0000000085a00000,0x00000000adb06d58,0x00000000b8b00000)
 Metaspace       used 5917K, capacity 6016K, committed 6272K, reserved 1056768K
  class space    used 593K, capacity 624K, committed 640K, reserved 1048576K
}

